<?xml version="1.0" encoding="UTF-8"?>
<!-- Generated by org.testng.reporters.JUnitReportReporter -->
<testsuite hostname="DESKTOP-UTMBFEU" failures="0" tests="2" name="com.TestCases.LoginTest" time="39.459" errors="0" timestamp="2024-03-16T16:12:33 IST" skipped="0">
  <testcase classname="com.TestCases.LoginTest" name="verifyLoginPageWithInValidUsernameAndInValidPassword" time="17.707"/>
  <testcase classname="com.TestCases.LoginTest" name="verifyLoginPageWithValidUsernameAndValidPassword" time="21.752"/>
</testsuite> <!-- com.TestCases.LoginTest -->
